  [1m[35m (1.3ms)[0m  [1m[34mSELECT sqlite_version(*)[0m
  [1m[35m (2.1ms)[0m  [1m[35mCREATE TABLE "schema_migrations" ("version" varchar NOT NULL PRIMARY KEY)[0m
  [1m[35m (2.2ms)[0m  [1m[35mCREATE TABLE "ar_internal_metadata" ("key" varchar NOT NULL PRIMARY KEY, "value" varchar, "created_at" datetime NOT NULL, "updated_at" datetime NOT NULL)[0m
  [1m[35m (0.2ms)[0m  [1m[34mSELECT "schema_migrations"."version" FROM "schema_migrations" ORDER BY "schema_migrations"."version" ASC[0m
Migrating to CreateEvents (20180123215713)
  [1m[35m (0.1ms)[0m  [1m[36mbegin transaction[0m
  [1m[35m (0.4ms)[0m  [1m[35mCREATE TABLE "events" ("id" INTEGER PRIMARY KEY AUTOINCREMENT NOT NULL, "message" varchar, "location" varchar, "customer_id" integer, "worker_id" integer, "created_at" datetime NOT NULL, "updated_at" datetime NOT NULL)[0m
  [1m[35m (0.1ms)[0m  [1m[35mCREATE  INDEX "index_events_on_customer_id_and_worker_id" ON "events" ("customer_id", "worker_id")[0m
  [1m[35mSQL (28.2ms)[0m  [1m[32mINSERT INTO "schema_migrations" ("version") VALUES (?)[0m  [["version", "20180123215713"]]
  [1m[35m (0.9ms)[0m  [1m[36mcommit transaction[0m
Migrating to AddStatusToEvent (20180127231225)
  [1m[35m (0.1ms)[0m  [1m[36mbegin transaction[0m
  [1m[35m (0.6ms)[0m  [1m[35mALTER TABLE "events" ADD "status" integer DEFAULT 0[0m
  [1m[35mSQL (0.3ms)[0m  [1m[32mINSERT INTO "schema_migrations" ("version") VALUES (?)[0m  [["version", "20180127231225"]]
  [1m[35m (1.4ms)[0m  [1m[36mcommit transaction[0m
Migrating to DeviseTokenAuthCreateCustomers (20180129201938)
  [1m[35m (0.1ms)[0m  [1m[36mbegin transaction[0m
  [1m[35m (0.5ms)[0m  [1m[35mCREATE TABLE "customers" ("id" INTEGER PRIMARY KEY AUTOINCREMENT NOT NULL, "provider" varchar DEFAULT 'email' NOT NULL, "uid" varchar DEFAULT '' NOT NULL, "encrypted_password" varchar DEFAULT '' NOT NULL, "reset_password_token" varchar, "reset_password_sent_at" datetime, "remember_created_at" datetime, "sign_in_count" integer DEFAULT 0 NOT NULL, "current_sign_in_at" datetime, "last_sign_in_at" datetime, "current_sign_in_ip" varchar, "last_sign_in_ip" varchar, "confirmation_token" varchar, "confirmed_at" datetime, "confirmation_sent_at" datetime, "unconfirmed_email" varchar, "name" varchar, "nickname" varchar, "image" varchar, "email" varchar, "tokens" text, "created_at" datetime NOT NULL, "updated_at" datetime NOT NULL)[0m
  [1m[35m (0.1ms)[0m  [1m[35mCREATE UNIQUE INDEX "index_customers_on_email" ON "customers" ("email")[0m
  [1m[35m (0.1ms)[0m  [1m[34m            SELECT sql
            FROM sqlite_master
            WHERE name='index_customers_on_email' AND type='index'
            UNION ALL
            SELECT sql
            FROM sqlite_temp_master
            WHERE name='index_customers_on_email' AND type='index'
[0m
  [1m[35m (0.1ms)[0m  [1m[35mCREATE UNIQUE INDEX "index_customers_on_uid_and_provider" ON "customers" ("uid", "provider")[0m
  [1m[35m (0.0ms)[0m  [1m[34m            SELECT sql
            FROM sqlite_master
            WHERE name='index_customers_on_uid_and_provider' AND type='index'
            UNION ALL
            SELECT sql
            FROM sqlite_temp_master
            WHERE name='index_customers_on_uid_and_provider' AND type='index'
[0m
  [1m[35m (0.0ms)[0m  [1m[34m            SELECT sql
            FROM sqlite_master
            WHERE name='index_customers_on_email' AND type='index'
            UNION ALL
            SELECT sql
            FROM sqlite_temp_master
            WHERE name='index_customers_on_email' AND type='index'
[0m
  [1m[35m (0.3ms)[0m  [1m[35mCREATE UNIQUE INDEX "index_customers_on_reset_password_token" ON "customers" ("reset_password_token")[0m
  [1m[35m (0.1ms)[0m  [1m[34m            SELECT sql
            FROM sqlite_master
            WHERE name='index_customers_on_reset_password_token' AND type='index'
            UNION ALL
            SELECT sql
            FROM sqlite_temp_master
            WHERE name='index_customers_on_reset_password_token' AND type='index'
[0m
  [1m[35m (0.1ms)[0m  [1m[34m            SELECT sql
            FROM sqlite_master
            WHERE name='index_customers_on_uid_and_provider' AND type='index'
            UNION ALL
            SELECT sql
            FROM sqlite_temp_master
            WHERE name='index_customers_on_uid_and_provider' AND type='index'
[0m
  [1m[35m (0.1ms)[0m  [1m[34m            SELECT sql
            FROM sqlite_master
            WHERE name='index_customers_on_email' AND type='index'
            UNION ALL
            SELECT sql
            FROM sqlite_temp_master
            WHERE name='index_customers_on_email' AND type='index'
[0m
  [1m[35m (0.6ms)[0m  [1m[35mCREATE UNIQUE INDEX "index_customers_on_confirmation_token" ON "customers" ("confirmation_token")[0m
  [1m[35mSQL (3.8ms)[0m  [1m[32mINSERT INTO "schema_migrations" ("version") VALUES (?)[0m  [["version", "20180129201938"]]
  [1m[35m (18.0ms)[0m  [1m[36mcommit transaction[0m
Migrating to DeviseTokenAuthCreateWorkers (20180129203909)
  [1m[35m (0.1ms)[0m  [1m[36mbegin transaction[0m
  [1m[35m (0.8ms)[0m  [1m[35mCREATE TABLE "workers" ("id" INTEGER PRIMARY KEY AUTOINCREMENT NOT NULL, "provider" varchar DEFAULT 'email' NOT NULL, "uid" varchar DEFAULT '' NOT NULL, "encrypted_password" varchar DEFAULT '' NOT NULL, "reset_password_token" varchar, "reset_password_sent_at" datetime, "remember_created_at" datetime, "sign_in_count" integer DEFAULT 0 NOT NULL, "current_sign_in_at" datetime, "last_sign_in_at" datetime, "current_sign_in_ip" varchar, "last_sign_in_ip" varchar, "confirmation_token" varchar, "confirmed_at" datetime, "confirmation_sent_at" datetime, "unconfirmed_email" varchar, "name" varchar, "nickname" varchar, "image" varchar, "email" varchar, "tokens" text, "created_at" datetime NOT NULL, "updated_at" datetime NOT NULL)[0m
  [1m[35m (0.4ms)[0m  [1m[35mCREATE UNIQUE INDEX "index_workers_on_email" ON "workers" ("email")[0m
  [1m[35m (0.1ms)[0m  [1m[34m            SELECT sql
            FROM sqlite_master
            WHERE name='index_workers_on_email' AND type='index'
            UNION ALL
            SELECT sql
            FROM sqlite_temp_master
            WHERE name='index_workers_on_email' AND type='index'
[0m
  [1m[35m (0.2ms)[0m  [1m[35mCREATE UNIQUE INDEX "index_workers_on_uid_and_provider" ON "workers" ("uid", "provider")[0m
  [1m[35m (0.1ms)[0m  [1m[34m            SELECT sql
            FROM sqlite_master
            WHERE name='index_workers_on_uid_and_provider' AND type='index'
            UNION ALL
            SELECT sql
            FROM sqlite_temp_master
            WHERE name='index_workers_on_uid_and_provider' AND type='index'
[0m
  [1m[35m (0.2ms)[0m  [1m[34m            SELECT sql
            FROM sqlite_master
            WHERE name='index_workers_on_email' AND type='index'
            UNION ALL
            SELECT sql
            FROM sqlite_temp_master
            WHERE name='index_workers_on_email' AND type='index'
[0m
  [1m[35m (0.6ms)[0m  [1m[35mCREATE UNIQUE INDEX "index_workers_on_reset_password_token" ON "workers" ("reset_password_token")[0m
  [1m[35m (0.1ms)[0m  [1m[34m            SELECT sql
            FROM sqlite_master
            WHERE name='index_workers_on_reset_password_token' AND type='index'
            UNION ALL
            SELECT sql
            FROM sqlite_temp_master
            WHERE name='index_workers_on_reset_password_token' AND type='index'
[0m
  [1m[35m (0.1ms)[0m  [1m[34m            SELECT sql
            FROM sqlite_master
            WHERE name='index_workers_on_uid_and_provider' AND type='index'
            UNION ALL
            SELECT sql
            FROM sqlite_temp_master
            WHERE name='index_workers_on_uid_and_provider' AND type='index'
[0m
  [1m[35m (0.1ms)[0m  [1m[34m            SELECT sql
            FROM sqlite_master
            WHERE name='index_workers_on_email' AND type='index'
            UNION ALL
            SELECT sql
            FROM sqlite_temp_master
            WHERE name='index_workers_on_email' AND type='index'
[0m
  [1m[35m (0.2ms)[0m  [1m[35mCREATE UNIQUE INDEX "index_workers_on_confirmation_token" ON "workers" ("confirmation_token")[0m
  [1m[35mSQL (0.2ms)[0m  [1m[32mINSERT INTO "schema_migrations" ("version") VALUES (?)[0m  [["version", "20180129203909"]]
  [1m[35m (1.0ms)[0m  [1m[36mcommit transaction[0m
  [1m[36mActiveRecord::InternalMetadata Load (0.1ms)[0m  [1m[34mSELECT  "ar_internal_metadata".* FROM "ar_internal_metadata" WHERE "ar_internal_metadata"."key" = ? LIMIT ?[0m  [["key", "environment"], ["LIMIT", 1]]
  [1m[35m (0.1ms)[0m  [1m[36mbegin transaction[0m
  [1m[35mSQL (0.4ms)[0m  [1m[32mINSERT INTO "ar_internal_metadata" ("key", "value", "created_at", "updated_at") VALUES (?, ?, ?, ?)[0m  [["key", "environment"], ["value", "development"], ["created_at", "2018-02-04 21:01:37.019438"], ["updated_at", "2018-02-04 21:01:37.019438"]]
  [1m[35m (1.6ms)[0m  [1m[36mcommit transaction[0m
  [1m[35m (0.1ms)[0m  [1m[34mSELECT "schema_migrations"."version" FROM "schema_migrations" ORDER BY "schema_migrations"."version" ASC[0m
  [1m[35m (0.1ms)[0m  [1m[34m            SELECT sql
            FROM sqlite_master
            WHERE name='index_customers_on_confirmation_token' AND type='index'
            UNION ALL
            SELECT sql
            FROM sqlite_temp_master
            WHERE name='index_customers_on_confirmation_token' AND type='index'
[0m
  [1m[35m (0.1ms)[0m  [1m[34m            SELECT sql
            FROM sqlite_master
            WHERE name='index_customers_on_reset_password_token' AND type='index'
            UNION ALL
            SELECT sql
            FROM sqlite_temp_master
            WHERE name='index_customers_on_reset_password_token' AND type='index'
[0m
  [1m[35m (0.1ms)[0m  [1m[34m            SELECT sql
            FROM sqlite_master
            WHERE name='index_customers_on_uid_and_provider' AND type='index'
            UNION ALL
            SELECT sql
            FROM sqlite_temp_master
            WHERE name='index_customers_on_uid_and_provider' AND type='index'
[0m
  [1m[35m (0.1ms)[0m  [1m[34m            SELECT sql
            FROM sqlite_master
            WHERE name='index_customers_on_email' AND type='index'
            UNION ALL
            SELECT sql
            FROM sqlite_temp_master
            WHERE name='index_customers_on_email' AND type='index'
[0m
  [1m[35m (0.1ms)[0m  [1m[34m            SELECT sql
            FROM sqlite_master
            WHERE name='index_events_on_customer_id_and_worker_id' AND type='index'
            UNION ALL
            SELECT sql
            FROM sqlite_temp_master
            WHERE name='index_events_on_customer_id_and_worker_id' AND type='index'
[0m
  [1m[35m (0.1ms)[0m  [1m[34m            SELECT sql
            FROM sqlite_master
            WHERE name='index_workers_on_confirmation_token' AND type='index'
            UNION ALL
            SELECT sql
            FROM sqlite_temp_master
            WHERE name='index_workers_on_confirmation_token' AND type='index'
[0m
  [1m[35m (0.1ms)[0m  [1m[34m            SELECT sql
            FROM sqlite_master
            WHERE name='index_workers_on_reset_password_token' AND type='index'
            UNION ALL
            SELECT sql
            FROM sqlite_temp_master
            WHERE name='index_workers_on_reset_password_token' AND type='index'
[0m
  [1m[35m (0.1ms)[0m  [1m[34m            SELECT sql
            FROM sqlite_master
            WHERE name='index_workers_on_uid_and_provider' AND type='index'
            UNION ALL
            SELECT sql
            FROM sqlite_temp_master
            WHERE name='index_workers_on_uid_and_provider' AND type='index'
[0m
  [1m[35m (0.1ms)[0m  [1m[34m            SELECT sql
            FROM sqlite_master
            WHERE name='index_workers_on_email' AND type='index'
            UNION ALL
            SELECT sql
            FROM sqlite_temp_master
            WHERE name='index_workers_on_email' AND type='index'
[0m
  [1m[35m (1.0ms)[0m  [1m[34mSELECT "schema_migrations"."version" FROM "schema_migrations" ORDER BY "schema_migrations"."version" ASC[0m
  [1m[36mActiveRecord::InternalMetadata Load (1.0ms)[0m  [1m[34mSELECT  "ar_internal_metadata".* FROM "ar_internal_metadata" WHERE "ar_internal_metadata"."key" = ? LIMIT ?[0m  [["key", "environment"], ["LIMIT", 1]]
  [1m[35m (0.0ms)[0m  [1m[36mbegin transaction[0m
  [1m[35m (0.0ms)[0m  [1m[36mcommit transaction[0m
  [1m[35m (1.0ms)[0m  [1m[34mSELECT "schema_migrations"."version" FROM "schema_migrations" ORDER BY "schema_migrations"."version" ASC[0m
  [1m[35m (0.0ms)[0m  [1m[34m            SELECT sql
            FROM sqlite_master
            WHERE name='index_customers_on_confirmation_token' AND type='index'
            UNION ALL
            SELECT sql
            FROM sqlite_temp_master
            WHERE name='index_customers_on_confirmation_token' AND type='index'
[0m
  [1m[35m (0.0ms)[0m  [1m[34m            SELECT sql
            FROM sqlite_master
            WHERE name='index_customers_on_reset_password_token' AND type='index'
            UNION ALL
            SELECT sql
            FROM sqlite_temp_master
            WHERE name='index_customers_on_reset_password_token' AND type='index'
[0m
  [1m[35m (0.0ms)[0m  [1m[34m            SELECT sql
            FROM sqlite_master
            WHERE name='index_customers_on_uid_and_provider' AND type='index'
            UNION ALL
            SELECT sql
            FROM sqlite_temp_master
            WHERE name='index_customers_on_uid_and_provider' AND type='index'
[0m
  [1m[35m (0.0ms)[0m  [1m[34m            SELECT sql
            FROM sqlite_master
            WHERE name='index_customers_on_email' AND type='index'
            UNION ALL
            SELECT sql
            FROM sqlite_temp_master
            WHERE name='index_customers_on_email' AND type='index'
[0m
  [1m[35m (1.0ms)[0m  [1m[34m            SELECT sql
            FROM sqlite_master
            WHERE name='index_events_on_customer_id_and_worker_id' AND type='index'
            UNION ALL
            SELECT sql
            FROM sqlite_temp_master
            WHERE name='index_events_on_customer_id_and_worker_id' AND type='index'
[0m
  [1m[35m (0.0ms)[0m  [1m[34m            SELECT sql
            FROM sqlite_master
            WHERE name='index_workers_on_confirmation_token' AND type='index'
            UNION ALL
            SELECT sql
            FROM sqlite_temp_master
            WHERE name='index_workers_on_confirmation_token' AND type='index'
[0m
  [1m[35m (0.0ms)[0m  [1m[34m            SELECT sql
            FROM sqlite_master
            WHERE name='index_workers_on_reset_password_token' AND type='index'
            UNION ALL
            SELECT sql
            FROM sqlite_temp_master
            WHERE name='index_workers_on_reset_password_token' AND type='index'
[0m
  [1m[35m (0.0ms)[0m  [1m[34m            SELECT sql
            FROM sqlite_master
            WHERE name='index_workers_on_uid_and_provider' AND type='index'
            UNION ALL
            SELECT sql
            FROM sqlite_temp_master
            WHERE name='index_workers_on_uid_and_provider' AND type='index'
[0m
  [1m[35m (0.0ms)[0m  [1m[34m            SELECT sql
            FROM sqlite_master
            WHERE name='index_workers_on_email' AND type='index'
            UNION ALL
            SELECT sql
            FROM sqlite_temp_master
            WHERE name='index_workers_on_email' AND type='index'
[0m
  [1m[35m (0.0ms)[0m  [1m[34mSELECT "schema_migrations"."version" FROM "schema_migrations" ORDER BY "schema_migrations"."version" ASC[0m
  [1m[36mActiveRecord::InternalMetadata Load (0.0ms)[0m  [1m[34mSELECT  "ar_internal_metadata".* FROM "ar_internal_metadata" WHERE "ar_internal_metadata"."key" = ? LIMIT ?[0m  [["key", "environment"], ["LIMIT", 1]]
  [1m[35m (0.0ms)[0m  [1m[36mbegin transaction[0m
  [1m[35m (0.0ms)[0m  [1m[36mcommit transaction[0m
  [1m[35m (1.0ms)[0m  [1m[34mSELECT "schema_migrations"."version" FROM "schema_migrations" ORDER BY "schema_migrations"."version" ASC[0m
  [1m[35m (1.0ms)[0m  [1m[34m            SELECT sql
            FROM sqlite_master
            WHERE name='index_customers_on_confirmation_token' AND type='index'
            UNION ALL
            SELECT sql
            FROM sqlite_temp_master
            WHERE name='index_customers_on_confirmation_token' AND type='index'
[0m
  [1m[35m (0.0ms)[0m  [1m[34m            SELECT sql
            FROM sqlite_master
            WHERE name='index_customers_on_reset_password_token' AND type='index'
            UNION ALL
            SELECT sql
            FROM sqlite_temp_master
            WHERE name='index_customers_on_reset_password_token' AND type='index'
[0m
  [1m[35m (0.0ms)[0m  [1m[34m            SELECT sql
            FROM sqlite_master
            WHERE name='index_customers_on_uid_and_provider' AND type='index'
            UNION ALL
            SELECT sql
            FROM sqlite_temp_master
            WHERE name='index_customers_on_uid_and_provider' AND type='index'
[0m
  [1m[35m (1.0ms)[0m  [1m[34m            SELECT sql
            FROM sqlite_master
            WHERE name='index_customers_on_email' AND type='index'
            UNION ALL
            SELECT sql
            FROM sqlite_temp_master
            WHERE name='index_customers_on_email' AND type='index'
[0m
  [1m[35m (0.0ms)[0m  [1m[34m            SELECT sql
            FROM sqlite_master
            WHERE name='index_events_on_customer_id_and_worker_id' AND type='index'
            UNION ALL
            SELECT sql
            FROM sqlite_temp_master
            WHERE name='index_events_on_customer_id_and_worker_id' AND type='index'
[0m
  [1m[35m (1.0ms)[0m  [1m[34m            SELECT sql
            FROM sqlite_master
            WHERE name='index_workers_on_confirmation_token' AND type='index'
            UNION ALL
            SELECT sql
            FROM sqlite_temp_master
            WHERE name='index_workers_on_confirmation_token' AND type='index'
[0m
  [1m[35m (0.0ms)[0m  [1m[34m            SELECT sql
            FROM sqlite_master
            WHERE name='index_workers_on_reset_password_token' AND type='index'
            UNION ALL
            SELECT sql
            FROM sqlite_temp_master
            WHERE name='index_workers_on_reset_password_token' AND type='index'
[0m
  [1m[35m (0.0ms)[0m  [1m[34m            SELECT sql
            FROM sqlite_master
            WHERE name='index_workers_on_uid_and_provider' AND type='index'
            UNION ALL
            SELECT sql
            FROM sqlite_temp_master
            WHERE name='index_workers_on_uid_and_provider' AND type='index'
[0m
  [1m[35m (1.0ms)[0m  [1m[34m            SELECT sql
            FROM sqlite_master
            WHERE name='index_workers_on_email' AND type='index'
            UNION ALL
            SELECT sql
            FROM sqlite_temp_master
            WHERE name='index_workers_on_email' AND type='index'
[0m
  [1m[36mWorker Load (1.0ms)[0m  [1m[34mSELECT  "workers".* FROM "workers" ORDER BY "workers"."id" ASC LIMIT ?[0m  [["LIMIT", 1]]
Started GET "/worker_auth/sign_in" for 127.0.0.1 at 2018-02-05 15:41:58 -0500
  [1m[35m (1.0ms)[0m  [1m[34mSELECT "schema_migrations"."version" FROM "schema_migrations" ORDER BY "schema_migrations"."version" ASC[0m
Processing by DeviseTokenAuth::SessionsController#new as */*
Completed 405 Method Not Allowed in 346ms (Views: 0.6ms | ActiveRecord: 0.0ms)


Started POST "/worker_auth/sign_in" for 127.0.0.1 at 2018-02-05 15:42:14 -0500
Processing by DeviseTokenAuth::SessionsController#create as */*
Completed 401 Unauthorized in 31ms (Views: 0.4ms | ActiveRecord: 0.0ms)


Started POST "/worker_auth/sign_in" for 127.0.0.1 at 2018-02-05 15:42:42 -0500
Processing by DeviseTokenAuth::SessionsController#create as */*
  [1m[36mWorker Load (0.9ms)[0m  [1m[34mSELECT  "workers".* FROM "workers" WHERE (email = 'worker@gmai.com' AND provider='email') ORDER BY "workers"."id" ASC LIMIT ?[0m  [["LIMIT", 1]]
Completed 401 Unauthorized in 15ms (Views: 0.4ms | ActiveRecord: 4.1ms)


Started POST "/worker_auth/sign_in" for 127.0.0.1 at 2018-02-05 15:42:52 -0500
Processing by DeviseTokenAuth::SessionsController#create as */*
  [1m[36mWorker Load (0.9ms)[0m  [1m[34mSELECT  "workers".* FROM "workers" WHERE (email = 'worker@gmail.com' AND provider='email') ORDER BY "workers"."id" ASC LIMIT ?[0m  [["LIMIT", 1]]
Completed 401 Unauthorized in 8ms (Views: 0.5ms | ActiveRecord: 0.9ms)


Started POST "/worker_auth/sign_in" for 127.0.0.1 at 2018-02-05 15:42:54 -0500
Processing by DeviseTokenAuth::SessionsController#create as */*
  [1m[36mWorker Load (1.1ms)[0m  [1m[34mSELECT  "workers".* FROM "workers" WHERE (email = 'worker@gmail.com' AND provider='email') ORDER BY "workers"."id" ASC LIMIT ?[0m  [["LIMIT", 1]]
Completed 401 Unauthorized in 8ms (Views: 0.3ms | ActiveRecord: 1.1ms)


Started POST "/worker_auth" for 127.0.0.1 at 2018-02-05 15:43:31 -0500
Processing by DeviseTokenAuth::RegistrationsController#create as */*
  [1m[35m (0.0ms)[0m  [1m[36mbegin transaction[0m
  [1m[36mWorker Exists (0.7ms)[0m  [1m[34mSELECT  1 AS one FROM "workers" WHERE "workers"."email" = ? LIMIT ?[0m  [["email", "worker@gmail.com"], ["LIMIT", 1]]
  [1m[35m (0.1ms)[0m  [1m[34mSELECT COUNT(*) FROM "workers" WHERE "workers"."provider" = ? AND "workers"."email" = ?[0m  [["provider", "email"], ["email", "worker@gmail.com"]]
  [1m[35mSQL (4.0ms)[0m  [1m[32mINSERT INTO "workers" ("uid", "encrypted_password", "email", "tokens", "created_at", "updated_at") VALUES (?, ?, ?, ?, ?, ?)[0m  [["uid", "worker@gmail.com"], ["encrypted_password", "$2a$11$jtOmINXgy5Y4sS5JAFAqzuVbV2J8KxEv2McsnWDw0Tk1Ctz0JYhie"], ["email", "worker@gmail.com"], ["tokens", "{}"], ["created_at", "2018-02-05 20:43:32.329812"], ["updated_at", "2018-02-05 20:43:32.329812"]]
  [1m[35m (23.5ms)[0m  [1m[36mcommit transaction[0m
  [1m[35m (1.0ms)[0m  [1m[36mbegin transaction[0m
  [1m[35mSQL (3.0ms)[0m  [1m[33mUPDATE "workers" SET "tokens" = ?, "updated_at" = ? WHERE "workers"."id" = ?[0m  [["tokens", "{\"rN2QjAGzZYS-oh3D0nJyhw\":{\"token\":\"$2a$10$swYnpSwBkZ4upVO02X9Fi.1vkD8kDZ.oF37WdYTZkG834CQdBgWMS\",\"expiry\":1519073012}}"], ["updated_at", "2018-02-05 20:43:32.607469"], ["id", 1]]
  [1m[35m (20.0ms)[0m  [1m[36mcommit transaction[0m
  [1m[35m (0.0ms)[0m  [1m[36mbegin transaction[0m
  [1m[36mWorker Load (1.1ms)[0m  [1m[34mSELECT  "workers".* FROM "workers" WHERE "workers"."id" = ? LIMIT ? [0m  [["id", 1], ["LIMIT", 1]]
  [1m[35mSQL (16.2ms)[0m  [1m[33mUPDATE "workers" SET "tokens" = ?, "updated_at" = ? WHERE "workers"."id" = ?[0m  [["tokens", "{\"rN2QjAGzZYS-oh3D0nJyhw\":{\"token\":\"$2a$10$T5qk0Dhm7uPVr9ty.QdO8OrQNx/gfLAJvjv2F2Dv.JNvqWRxaT5Pi\",\"expiry\":1519073012,\"last_token\":\"$2a$10$swYnpSwBkZ4upVO02X9Fi.1vkD8kDZ.oF37WdYTZkG834CQdBgWMS\",\"updated_at\":\"2018-02-05T15:43:32.826-05:00\"}}"], ["updated_at", "2018-02-05 20:43:32.829036"], ["id", 1]]
  [1m[35m (18.0ms)[0m  [1m[36mcommit transaction[0m
Completed 200 OK in 961ms (Views: 3.9ms | ActiveRecord: 87.6ms)


Started GET "/events" for 127.0.0.1 at 2018-02-05 15:44:04 -0500
Processing by V1::EventsController#index as JSON
Filter chain halted as :authenticate_worker! rendered or redirected
Completed 401 Unauthorized in 4ms (Views: 0.5ms | ActiveRecord: 0.0ms)


Started GET "/" for 127.0.0.1 at 2018-02-05 15:47:47 -0500
Processing by Rails::WelcomeController#index as */*
  Rendering C:/RailsInstaller/Ruby2.3.3/lib/ruby/gems/2.3.0/gems/railties-5.1.4/lib/rails/templates/rails/welcome/index.html.erb
  Rendered C:/RailsInstaller/Ruby2.3.3/lib/ruby/gems/2.3.0/gems/railties-5.1.4/lib/rails/templates/rails/welcome/index.html.erb (26.4ms)
Completed 200 OK in 1917ms (Views: 852.6ms | ActiveRecord: 0.0ms)


Started GET "/workers" for 127.0.0.1 at 2018-02-05 15:48:38 -0500
Processing by V1::WorkersController#index as JSON
Redirected to http://localhost:3000/workers/sign_in
Completed 302 Found in 4ms (ActiveRecord: 0.0ms)


Started GET "/workers/sign_in" for 127.0.0.1 at 2018-02-05 15:48:38 -0500
Processing by V1::WorkersController#show as JSON
  Parameters: {"id"=>"sign_in"}
  [1m[36mWorker Load (1.0ms)[0m  [1m[34mSELECT  "workers".* FROM "workers" WHERE "workers"."id" = ? LIMIT ?[0m  [["id", 0], ["LIMIT", 1]]
Completed 404 Not Found in 43ms (ActiveRecord: 1.0ms)


  
ActiveRecord::RecordNotFound (Couldn't find Worker with 'id'=sign_in):
  
app/controllers/v1/workers_controller.rb:12:in `show'
Started GET "/events" for 127.0.0.1 at 2018-02-05 15:48:54 -0500
Processing by V1::EventsController#index as JSON
Filter chain halted as :authenticate_worker! rendered or redirected
Completed 401 Unauthorized in 11ms (Views: 0.4ms | ActiveRecord: 0.0ms)


Started GET "/events" for 127.0.0.1 at 2018-02-05 15:48:58 -0500
Processing by V1::EventsController#index as JSON
Filter chain halted as :authenticate_worker! rendered or redirected
Completed 401 Unauthorized in 3ms (Views: 0.4ms | ActiveRecord: 0.0ms)


Started GET "/events" for 127.0.0.1 at 2018-02-05 15:49:24 -0500
Processing by V1::EventsController#index as JSON
Filter chain halted as :authenticate_worker! rendered or redirected
Completed 401 Unauthorized in 5ms (Views: 0.9ms | ActiveRecord: 0.0ms)


Started POST "/worker_auth/sign_in" for 127.0.0.1 at 2018-02-05 15:50:41 -0500
Processing by DeviseTokenAuth::SessionsController#create as */*
  [1m[36mWorker Load (0.0ms)[0m  [1m[34mSELECT  "workers".* FROM "workers" WHERE (email = 'worker@gmail.com' AND provider='email') ORDER BY "workers"."id" ASC LIMIT ?[0m  [["LIMIT", 1]]
  [1m[35m (0.0ms)[0m  [1m[36mbegin transaction[0m
  [1m[35mSQL (16.1ms)[0m  [1m[33mUPDATE "workers" SET "tokens" = ?, "updated_at" = ? WHERE "workers"."id" = ?[0m  [["tokens", "{\"rN2QjAGzZYS-oh3D0nJyhw\":{\"token\":\"$2a$10$T5qk0Dhm7uPVr9ty.QdO8OrQNx/gfLAJvjv2F2Dv.JNvqWRxaT5Pi\",\"expiry\":1519073012,\"last_token\":\"$2a$10$swYnpSwBkZ4upVO02X9Fi.1vkD8kDZ.oF37WdYTZkG834CQdBgWMS\",\"updated_at\":\"2018-02-05T15:43:32.826-05:00\"},\"N0kt5IZZK0IXnUnxRXoyEg\":{\"token\":\"$2a$10$zOcYuazlOq7tuGVb2CpWQecN9TY7YiUlKEjPnYqjhdtCBxs3gfATG\",\"expiry\":1519073452}}"], ["updated_at", "2018-02-05 20:50:52.608590"], ["id", 1]]
  [1m[35m (28.1ms)[0m  [1m[36mcommit transaction[0m
  [1m[35m (0.0ms)[0m  [1m[36mbegin transaction[0m
  [1m[35mSQL (5.0ms)[0m  [1m[33mUPDATE "workers" SET "sign_in_count" = ?, "current_sign_in_at" = ?, "last_sign_in_at" = ?, "current_sign_in_ip" = ?, "last_sign_in_ip" = ?, "updated_at" = ? WHERE "workers"."id" = ?[0m  [["sign_in_count", 1], ["current_sign_in_at", "2018-02-05 20:50:52.666744"], ["last_sign_in_at", "2018-02-05 20:50:52.666744"], ["current_sign_in_ip", "127.0.0.1"], ["last_sign_in_ip", "127.0.0.1"], ["updated_at", "2018-02-05 20:50:52.672760"], ["id", 1]]
  [1m[35m (28.1ms)[0m  [1m[36mcommit transaction[0m
  [1m[35m (0.0ms)[0m  [1m[36mbegin transaction[0m
  [1m[36mWorker Load (0.8ms)[0m  [1m[34mSELECT  "workers".* FROM "workers" WHERE "workers"."id" = ? LIMIT ? [0m  [["id", 1], ["LIMIT", 1]]
  [1m[35mSQL (16.1ms)[0m  [1m[33mUPDATE "workers" SET "tokens" = ?, "updated_at" = ? WHERE "workers"."id" = ?[0m  [["tokens", "{\"rN2QjAGzZYS-oh3D0nJyhw\":{\"token\":\"$2a$10$T5qk0Dhm7uPVr9ty.QdO8OrQNx/gfLAJvjv2F2Dv.JNvqWRxaT5Pi\",\"expiry\":1519073012,\"last_token\":\"$2a$10$swYnpSwBkZ4upVO02X9Fi.1vkD8kDZ.oF37WdYTZkG834CQdBgWMS\",\"updated_at\":\"2018-02-05T15:43:32.826-05:00\"},\"N0kt5IZZK0IXnUnxRXoyEg\":{\"token\":\"$2a$10$JwGaz9tlCbQjJlFox1GE/.WD8kQaP6owY1eP6s9rK4kq2XgiWmY3O\",\"expiry\":1519073452,\"last_token\":\"$2a$10$zOcYuazlOq7tuGVb2CpWQecN9TY7YiUlKEjPnYqjhdtCBxs3gfATG\",\"updated_at\":\"2018-02-05T15:50:52.861-05:00\"}}"], ["updated_at", "2018-02-05 20:50:52.862302"], ["id", 1]]
  [1m[35m (26.1ms)[0m  [1m[36mcommit transaction[0m
Completed 200 OK in 605ms (Views: 0.6ms | ActiveRecord: 120.2ms)


Started GET "/events" for 127.0.0.1 at 2018-02-05 15:52:14 -0500
Processing by V1::EventsController#index as JSON
Filter chain halted as :authenticate_worker! rendered or redirected
Completed 401 Unauthorized in 3ms (Views: 0.4ms | ActiveRecord: 0.0ms)


Started GET "/customer_auth/sign_in" for 127.0.0.1 at 2018-02-06 11:28:49 -0500
  [1m[35m (0.0ms)[0m  [1m[34mSELECT "schema_migrations"."version" FROM "schema_migrations" ORDER BY "schema_migrations"."version" ASC[0m
  
SyntaxError (C:/Sites/backend_api/app/controllers/v1/overrides/sessions_controller.rb:125: syntax error, unexpected keyword_end, expecting end-of-input):
  
app/controllers/v1/overrides/sessions_controller.rb:125: syntax error, unexpected keyword_end, expecting end-of-input
Started GET "/customer_auth/sign_in" for 127.0.0.1 at 2018-02-06 11:29:22 -0500
Processing by V1::Overrides::SessionsController#new as */*
Completed 200 OK in 4ms (Views: 0.5ms | ActiveRecord: 0.0ms)


Started POST "/customer_auth/sign_in" for 127.0.0.1 at 2018-02-06 11:38:58 -0500
Processing by V1::Overrides::SessionsController#create as */*
Completed 500 Internal Server Error in 257ms (ActiveRecord: 0.0ms)


  
NoMethodError (undefined method `get_case_insensitive_field_from_resource_params' for #<V1::Overrides::SessionsController:0xb4306c0>):
  
app/controllers/v1/overrides/sessions_controller.rb:16:in `create'
Started GET "/customer_auth/sign_in" for 127.0.0.1 at 2018-02-06 11:39:36 -0500
Processing by V1::Overrides::SessionsController#new as */*
Completed 500 Internal Server Error in 343ms (ActiveRecord: 0.0ms)


  
NoMethodError (undefined method `render_error' for #<V1::Overrides::SessionsController:0xb294820>
Did you mean?  render_new_error):
  
app/controllers/v1/overrides/sessions_controller.rb:101:in `render_new_error'
app/controllers/v1/overrides/sessions_controller.rb:6:in `new'
Started GET "/customer_auth/sign_in" for 127.0.0.1 at 2018-02-06 11:39:54 -0500
Processing by V1::Overrides::SessionsController#new as */*
Completed 500 Internal Server Error in 159ms (ActiveRecord: 0.0ms)


  
NoMethodError (undefined method `render_error' for #<V1::Overrides::SessionsController:0xba8c4d8>
Did you mean?  render_new_error):
  
app/controllers/v1/overrides/sessions_controller.rb:101:in `render_new_error'
app/controllers/v1/overrides/sessions_controller.rb:6:in `new'
Started GET "/customer_auth/sign_in" for 127.0.0.1 at 2018-02-06 11:44:06 -0500
Processing by V1::Overrides::SessionsController#new as */*
Completed 500 Internal Server Error in 322ms (ActiveRecord: 0.0ms)


  
NoMethodError (undefined method `render_error' for #<V1::Overrides::SessionsController:0x8ca4398>
Did you mean?  render_new_error):
  
app/controllers/v1/overrides/sessions_controller.rb:101:in `render_new_error'
app/controllers/v1/overrides/sessions_controller.rb:6:in `new'
Started GET "/customer_auth/sign_in" for 127.0.0.1 at 2018-02-06 11:48:02 -0500
Processing by V1::Overrides::SessionsController#new as */*
Completed 500 Internal Server Error in 203ms (ActiveRecord: 0.0ms)


  
NoMethodError (undefined method `render_error' for #<V1::Overrides::SessionsController:0x7b7b438>
Did you mean?  render_new_error):
  
app/controllers/v1/overrides/sessions_controller.rb:101:in `render_new_error'
app/controllers/v1/overrides/sessions_controller.rb:6:in `new'
Started GET "/customer_auth/sign_in" for 127.0.0.1 at 2018-02-06 11:51:41 -0500
  
ActionController::RoutingError (uninitialized constant DeviseTokenAuth::Concerns::ResourceFinder):
  
app/controllers/application_controller.rb:5:in `<class:ApplicationController>'
app/controllers/application_controller.rb:1:in `<top (required)>'
app/controllers/v1/overrides/sessions_controller.rb:1:in `<top (required)>'
Started GET "/customer_auth/sign_in" for 127.0.0.1 at 2018-02-06 11:57:08 -0500
Processing by V1::Overrides::SessionsController#new as */*
Completed 405 Method Not Allowed in 3ms (Views: 0.5ms | ActiveRecord: 0.0ms)


Started GET "/customer_auth/sign_in" for 127.0.0.1 at 2018-02-06 11:58:04 -0500
Processing by V1::Overrides::SessionsController#new as */*
Completed 405 Method Not Allowed in 2ms (Views: 0.7ms | ActiveRecord: 0.0ms)


  [1m[36mCustomer Load (1.0ms)[0m  [1m[34mSELECT  "customers".* FROM "customers" ORDER BY "customers"."id" ASC LIMIT ?[0m  [["LIMIT", 1]]
Started POST "/customer_auth/" for 127.0.0.1 at 2018-02-06 12:01:06 -0500
Processing by DeviseTokenAuth::RegistrationsController#create as */*
  [1m[35m (0.0ms)[0m  [1m[36mbegin transaction[0m
  [1m[36mCustomer Exists (0.0ms)[0m  [1m[34mSELECT  1 AS one FROM "customers" WHERE "customers"."email" = ? LIMIT ?[0m  [["email", "customer@gmail.com"], ["LIMIT", 1]]
  [1m[35m (1.0ms)[0m  [1m[34mSELECT COUNT(*) FROM "customers" WHERE "customers"."provider" = ? AND "customers"."email" = ?[0m  [["provider", "email"], ["email", "customer@gmail.com"]]
  [1m[35mSQL (2.0ms)[0m  [1m[32mINSERT INTO "customers" ("uid", "encrypted_password", "email", "tokens", "created_at", "updated_at") VALUES (?, ?, ?, ?, ?, ?)[0m  [["uid", "customer@gmail.com"], ["encrypted_password", "$2a$11$u.9sOBe.PfWMwCh9hK20ye8KPgl1W84wYKPBBWCHxb.Alk7X2L02i"], ["email", "customer@gmail.com"], ["tokens", "{}"], ["created_at", "2018-02-06 17:01:06.604364"], ["updated_at", "2018-02-06 17:01:06.604364"]]
  [1m[35m (18.0ms)[0m  [1m[36mcommit transaction[0m
  [1m[35m (0.0ms)[0m  [1m[36mbegin transaction[0m
  [1m[35mSQL (2.2ms)[0m  [1m[33mUPDATE "customers" SET "tokens" = ?, "updated_at" = ? WHERE "customers"."id" = ?[0m  [["tokens", "{\"ZYE4iQZHT53w34CtczbvtA\":{\"token\":\"$2a$10$b9fbvTufC5QSAIm89mN91O.kPylU64HcgFWDiVzISVzA28PmH5lbu\",\"expiry\":1519146066}}"], ["updated_at", "2018-02-06 17:01:06.802892"], ["id", 1]]
  [1m[35m (15.0ms)[0m  [1m[36mcommit transaction[0m
  [1m[35m (0.0ms)[0m  [1m[36mbegin transaction[0m
  [1m[36mCustomer Load (4.0ms)[0m  [1m[34mSELECT  "customers".* FROM "customers" WHERE "customers"."id" = ? LIMIT ? [0m  [["id", 1], ["LIMIT", 1]]
  [1m[35mSQL (17.1ms)[0m  [1m[33mUPDATE "customers" SET "tokens" = ?, "updated_at" = ? WHERE "customers"."id" = ?[0m  [["tokens", "{\"ZYE4iQZHT53w34CtczbvtA\":{\"token\":\"$2a$10$q0bkEO6NGLs8aIwaQRl.6e9LLCDzFp1inS2Nz4WI/DSydhDnOaOv2\",\"expiry\":1519146066,\"last_token\":\"$2a$10$b9fbvTufC5QSAIm89mN91O.kPylU64HcgFWDiVzISVzA28PmH5lbu\",\"updated_at\":\"2018-02-06T12:01:06.959-05:00\"}}"], ["updated_at", "2018-02-06 17:01:06.961482"], ["id", 1]]
  [1m[35m (25.1ms)[0m  [1m[36mcommit transaction[0m
Completed 200 OK in 645ms (Views: 1.4ms | ActiveRecord: 85.2ms)


Started POST "/customer_auth/sign_in" for 127.0.0.1 at 2018-02-06 12:01:14 -0500
Processing by V1::Overrides::SessionsController#create as */*
Completed 500 Internal Server Error in 238ms (ActiveRecord: 0.0ms)


  
NoMethodError (undefined method `get_case_insensitive_field_from_resource_params' for #<V1::Overrides::SessionsController:0x75b18e8>):
  
app/controllers/v1/overrides/sessions_controller.rb:16:in `create'
Started GET "/customer_auth/validate_token" for 127.0.0.1 at 2018-02-06 12:11:36 -0500
  
ActionController::RoutingError (uninitialized constant Overrides):
  
activesupport (5.1.4) lib/active_support/inflector/methods.rb:269:in `const_get'
activesupport (5.1.4) lib/active_support/inflector/methods.rb:269:in `block in constantize'
activesupport (5.1.4) lib/active_support/inflector/methods.rb:267:in `each'
activesupport (5.1.4) lib/active_support/inflector/methods.rb:267:in `inject'
activesupport (5.1.4) lib/active_support/inflector/methods.rb:267:in `constantize'
actionpack (5.1.4) lib/action_dispatch/http/request.rb:85:in `controller_class_for'
actionpack (5.1.4) lib/action_dispatch/http/request.rb:78:in `controller_class'
actionpack (5.1.4) lib/action_dispatch/routing/route_set.rb:43:in `controller'
actionpack (5.1.4) lib/action_dispatch/routing/route_set.rb:29:in `serve'
actionpack (5.1.4) lib/action_dispatch/routing/mapper.rb:16:in `block in <class:Constraints>'
actionpack (5.1.4) lib/action_dispatch/routing/mapper.rb:46:in `serve'
actionpack (5.1.4) lib/action_dispatch/journey/router.rb:50:in `block in serve'
actionpack (5.1.4) lib/action_dispatch/journey/router.rb:33:in `each'
actionpack (5.1.4) lib/action_dispatch/journey/router.rb:33:in `serve'
actionpack (5.1.4) lib/action_dispatch/routing/route_set.rb:834:in `call'
warden (1.2.7) lib/warden/manager.rb:36:in `block in call'
warden (1.2.7) lib/warden/manager.rb:35:in `catch'
warden (1.2.7) lib/warden/manager.rb:35:in `call'
rack (2.0.4) lib/rack/etag.rb:25:in `call'
rack (2.0.4) lib/rack/conditional_get.rb:25:in `call'
rack (2.0.4) lib/rack/head.rb:12:in `call'
rack (2.0.4) lib/rack/session/abstract/id.rb:232:in `context'
rack (2.0.4) lib/rack/session/abstract/id.rb:226:in `call'
actionpack (5.1.4) lib/action_dispatch/middleware/cookies.rb:613:in `call'
activerecord (5.1.4) lib/active_record/migration.rb:556:in `call'
actionpack (5.1.4) lib/action_dispatch/middleware/callbacks.rb:26:in `block in call'
activesupport (5.1.4) lib/active_support/callbacks.rb:97:in `run_callbacks'
actionpack (5.1.4) lib/action_dispatch/middleware/callbacks.rb:24:in `call'
actionpack (5.1.4) lib/action_dispatch/middleware/executor.rb:12:in `call'
actionpack (5.1.4) lib/action_dispatch/middleware/debug_exceptions.rb:59:in `call'
web-console (3.5.1) lib/web_console/middleware.rb:135:in `call_app'
web-console (3.5.1) lib/web_console/middleware.rb:28:in `block in call'
web-console (3.5.1) lib/web_console/middleware.rb:18:in `catch'
web-console (3.5.1) lib/web_console/middleware.rb:18:in `call'
actionpack (5.1.4) lib/action_dispatch/middleware/show_exceptions.rb:31:in `call'
railties (5.1.4) lib/rails/rack/logger.rb:36:in `call_app'
railties (5.1.4) lib/rails/rack/logger.rb:24:in `block in call'
activesupport (5.1.4) lib/active_support/tagged_logging.rb:69:in `block in tagged'
activesupport (5.1.4) lib/active_support/tagged_logging.rb:26:in `tagged'
activesupport (5.1.4) lib/active_support/tagged_logging.rb:69:in `tagged'
railties (5.1.4) lib/rails/rack/logger.rb:24:in `call'
sprockets-rails (3.2.1) lib/sprockets/rails/quiet_assets.rb:13:in `call'
actionpack (5.1.4) lib/action_dispatch/middleware/remote_ip.rb:79:in `call'
actionpack (5.1.4) lib/action_dispatch/middleware/request_id.rb:25:in `call'
rack (2.0.4) lib/rack/method_override.rb:22:in `call'
rack (2.0.4) lib/rack/runtime.rb:22:in `call'
activesupport (5.1.4) lib/active_support/cache/strategy/local_cache_middleware.rb:27:in `call'
actionpack (5.1.4) lib/action_dispatch/middleware/executor.rb:12:in `call'
actionpack (5.1.4) lib/action_dispatch/middleware/static.rb:125:in `call'
rack (2.0.4) lib/rack/sendfile.rb:111:in `call'
railties (5.1.4) lib/rails/engine.rb:522:in `call'
puma (3.11.2) lib/puma/configuration.rb:225:in `call'
puma (3.11.2) lib/puma/server.rb:624:in `handle_request'
puma (3.11.2) lib/puma/server.rb:438:in `process_client'
puma (3.11.2) lib/puma/server.rb:302:in `block in run'
puma (3.11.2) lib/puma/thread_pool.rb:120:in `block in spawn_thread'
Started GET "/customer_auth/validate_token" for 127.0.0.1 at 2018-02-06 12:12:17 -0500
  
ActionController::RoutingError (uninitialized constant V1::Overrides::TokenValidationsController):
  
activesupport (5.1.4) lib/active_support/inflector/methods.rb:271:in `const_get'
activesupport (5.1.4) lib/active_support/inflector/methods.rb:271:in `block in constantize'
activesupport (5.1.4) lib/active_support/inflector/methods.rb:267:in `each'
activesupport (5.1.4) lib/active_support/inflector/methods.rb:267:in `inject'
activesupport (5.1.4) lib/active_support/inflector/methods.rb:267:in `constantize'
actionpack (5.1.4) lib/action_dispatch/http/request.rb:85:in `controller_class_for'
actionpack (5.1.4) lib/action_dispatch/http/request.rb:78:in `controller_class'
actionpack (5.1.4) lib/action_dispatch/routing/route_set.rb:43:in `controller'
actionpack (5.1.4) lib/action_dispatch/routing/route_set.rb:29:in `serve'
actionpack (5.1.4) lib/action_dispatch/routing/mapper.rb:16:in `block in <class:Constraints>'
actionpack (5.1.4) lib/action_dispatch/routing/mapper.rb:46:in `serve'
actionpack (5.1.4) lib/action_dispatch/journey/router.rb:50:in `block in serve'
actionpack (5.1.4) lib/action_dispatch/journey/router.rb:33:in `each'
actionpack (5.1.4) lib/action_dispatch/journey/router.rb:33:in `serve'
actionpack (5.1.4) lib/action_dispatch/routing/route_set.rb:834:in `call'
warden (1.2.7) lib/warden/manager.rb:36:in `block in call'
warden (1.2.7) lib/warden/manager.rb:35:in `catch'
warden (1.2.7) lib/warden/manager.rb:35:in `call'
rack (2.0.4) lib/rack/etag.rb:25:in `call'
rack (2.0.4) lib/rack/conditional_get.rb:25:in `call'
rack (2.0.4) lib/rack/head.rb:12:in `call'
rack (2.0.4) lib/rack/session/abstract/id.rb:232:in `context'
rack (2.0.4) lib/rack/session/abstract/id.rb:226:in `call'
actionpack (5.1.4) lib/action_dispatch/middleware/cookies.rb:613:in `call'
activerecord (5.1.4) lib/active_record/migration.rb:556:in `call'
actionpack (5.1.4) lib/action_dispatch/middleware/callbacks.rb:26:in `block in call'
activesupport (5.1.4) lib/active_support/callbacks.rb:97:in `run_callbacks'
actionpack (5.1.4) lib/action_dispatch/middleware/callbacks.rb:24:in `call'
actionpack (5.1.4) lib/action_dispatch/middleware/executor.rb:12:in `call'
actionpack (5.1.4) lib/action_dispatch/middleware/debug_exceptions.rb:59:in `call'
web-console (3.5.1) lib/web_console/middleware.rb:135:in `call_app'
web-console (3.5.1) lib/web_console/middleware.rb:28:in `block in call'
web-console (3.5.1) lib/web_console/middleware.rb:18:in `catch'
web-console (3.5.1) lib/web_console/middleware.rb:18:in `call'
actionpack (5.1.4) lib/action_dispatch/middleware/show_exceptions.rb:31:in `call'
railties (5.1.4) lib/rails/rack/logger.rb:36:in `call_app'
railties (5.1.4) lib/rails/rack/logger.rb:24:in `block in call'
activesupport (5.1.4) lib/active_support/tagged_logging.rb:69:in `block in tagged'
activesupport (5.1.4) lib/active_support/tagged_logging.rb:26:in `tagged'
activesupport (5.1.4) lib/active_support/tagged_logging.rb:69:in `tagged'
railties (5.1.4) lib/rails/rack/logger.rb:24:in `call'
sprockets-rails (3.2.1) lib/sprockets/rails/quiet_assets.rb:13:in `call'
actionpack (5.1.4) lib/action_dispatch/middleware/remote_ip.rb:79:in `call'
actionpack (5.1.4) lib/action_dispatch/middleware/request_id.rb:25:in `call'
rack (2.0.4) lib/rack/method_override.rb:22:in `call'
rack (2.0.4) lib/rack/runtime.rb:22:in `call'
activesupport (5.1.4) lib/active_support/cache/strategy/local_cache_middleware.rb:27:in `call'
actionpack (5.1.4) lib/action_dispatch/middleware/executor.rb:12:in `call'
actionpack (5.1.4) lib/action_dispatch/middleware/static.rb:125:in `call'
rack (2.0.4) lib/rack/sendfile.rb:111:in `call'
railties (5.1.4) lib/rails/engine.rb:522:in `call'
puma (3.11.2) lib/puma/configuration.rb:225:in `call'
puma (3.11.2) lib/puma/server.rb:624:in `handle_request'
puma (3.11.2) lib/puma/server.rb:438:in `process_client'
puma (3.11.2) lib/puma/server.rb:302:in `block in run'
puma (3.11.2) lib/puma/thread_pool.rb:120:in `block in spawn_thread'
Started GET "/customer_auth/validate_token" for 127.0.0.1 at 2018-02-06 12:13:17 -0500
Processing by V1::Overrides::TokenValidationController#validate_token as */*
Completed 401 Unauthorized in 1ms (Views: 0.4ms | ActiveRecord: 0.0ms)


